<?xml version="1.0" encoding="UTF-8"?>
<!-- Generated by org.testng.reporters.JUnitReportReporter -->
<testsuite hostname="LAPTOP-RFU57FOH" failures="0" tests="1" name="threadlocal.AutomationTest2" time="32.644" errors="0" timestamp="2024-04-13T18:30:49 IST" skipped="0">
  <testcase classname="threadlocal.AutomationTest2" name="test" time="32.644"/>
  <system-out/>
</testsuite> <!-- threadlocal.AutomationTest2 -->
