<?xml version="1.0" encoding="UTF-8"?>
<!-- Generated by org.testng.reporters.JUnitReportReporter -->
<testsuite hostname="LAPTOP-RFU57FOH" failures="0" tests="1" name="threadlocal.AutomationTest" time="34.339" errors="0" timestamp="2024-04-23T14:18:13 IST" skipped="0">
  <testcase classname="threadlocal.AutomationTest" name="test" time="34.339"/>
  <system-out/>
</testsuite> <!-- threadlocal.AutomationTest -->
